<?xml version="1.0" encoding="UTF-8"?>
<!-- Generated by org.testng.reporters.JUnitXMLReporter -->
<testsuite hostname="DESKTOP-9JNEA63" failures="1" tests="2" name="Booking with AccessCode " time="240.338" errors="0" timestamp="19 Sep 2019 06:19:08 GMT">
  <testcase classname="com.tt.admin.TC_OfferCode_Dates" name="offercode" time="152.065"/>
  <testcase classname="Reusable_BE.TC_AccessCode_Booking" name="AccessCodeBooking" time="84.913">
    <failure type="java.lang.AssertionError" message="expected [true] but found [false]">
      <![CDATA[java.lang.AssertionError: expected [true] but found [false]
	at Reusable_BE.TC_AccessCode_Booking.AccessCodeBooking(TC_AccessCode_Booking.java:170)
... Removed 29 stack frames]]>
    </failure>
  </testcase> <!-- AccessCodeBooking -->
</testsuite> <!-- Booking with AccessCode  -->
