<?xml version="1.0" encoding="UTF-8"?>
<!-- Generated by org.testng.reporters.JUnitXMLReporter -->
<testsuite hostname="DESKTOP-K1SDGBA" name="CancelBooking_Yankee" tests="7" failures="0" timestamp="14 Aug 2020 11:33:59 GMT" time="59.014" errors="0">
  <testcase name="@AfterMethod getResult" time="0.0" classname="com.tt.BE.TC_CancelBooking_Yankee">
    <failure type="org.openqa.selenium.NoSuchSessionException" message="Tried to run command without establishing a connection
Build info: version: &amp;apos;3.141.59&amp;apos;, revision: &amp;apos;e82be7d358&amp;apos;, time: &amp;apos;2018-11-14T08:17:03&amp;apos;
System info: host: &amp;apos;DESKTOP-K1SDGBA&amp;apos;, ip: &amp;apos;192.168.100.9&amp;apos;, os.name: &amp;apos;Windows 10&amp;apos;, os.arch: &amp;apos;amd64&amp;apos;, os.version: &amp;apos;10.0&amp;apos;, java.version: &amp;apos;1.8.0_211&amp;apos;
Driver info: org.openqa.selenium.firefox.FirefoxDriver
Capabilities {acceptInsecureCerts: true, browserName: firefox, browserVersion: 79.0, javascriptEnabled: true, moz:accessibilityChecks: false, moz:buildID: 20200720193547, moz:geckodriverVersion: 0.23.0, moz:headless: false, moz:processID: 23528, moz:profile: C:\Users\TT095\AppData\Loca..., moz:shutdownTimeout: 60000, moz:useNonSpecCompliantPointerOrigin: false, moz:webdriverClick: true, pageLoadStrategy: normal, platform: WINDOWS, platformName: WINDOWS, platformVersion: 10.0, rotatable: false, setWindowRect: true, strictFileInteractability: false, timeouts: {implicit: 0, pageLoad: 300000, script: 30000}, unhandledPromptBehavior: dismiss and notify}
Session ID: 4acba138-f0da-42e2-bdbc-4529259ed333">
      <![CDATA[org.openqa.selenium.NoSuchSessionException: Tried to run command without establishing a connection
Build info: version: '3.141.59', revision: 'e82be7d358', time: '2018-11-14T08:17:03'
System info: host: 'DESKTOP-K1SDGBA', ip: '192.168.100.9', os.name: 'Windows 10', os.arch: 'amd64', os.version: '10.0', java.version: '1.8.0_211'
Driver info: org.openqa.selenium.firefox.FirefoxDriver
Capabilities {acceptInsecureCerts: true, browserName: firefox, browserVersion: 79.0, javascriptEnabled: true, moz:accessibilityChecks: false, moz:buildID: 20200720193547, moz:geckodriverVersion: 0.23.0, moz:headless: false, moz:processID: 23528, moz:profile: C:\Users\TT095\AppData\Loca..., moz:shutdownTimeout: 60000, moz:useNonSpecCompliantPointerOrigin: false, moz:webdriverClick: true, pageLoadStrategy: normal, platform: WINDOWS, platformName: WINDOWS, platformVersion: 10.0, rotatable: false, setWindowRect: true, strictFileInteractability: false, timeouts: {implicit: 0, pageLoad: 300000, script: 30000}, unhandledPromptBehavior: dismiss and notify}
Session ID: 4acba138-f0da-42e2-bdbc-4529259ed333
	at org.openqa.selenium.remote.http.W3CHttpResponseCodec.createException(W3CHttpResponseCodec.java:187)
	at org.openqa.selenium.remote.http.W3CHttpResponseCodec.decode(W3CHttpResponseCodec.java:122)
	at org.openqa.selenium.remote.http.W3CHttpResponseCodec.decode(W3CHttpResponseCodec.java:49)
	at org.openqa.selenium.remote.HttpCommandExecutor.execute(HttpCommandExecutor.java:158)
	at org.openqa.selenium.remote.service.DriverCommandExecutor.execute(DriverCommandExecutor.java:83)
	at org.openqa.selenium.remote.RemoteWebDriver.execute(RemoteWebDriver.java:552)
	at org.openqa.selenium.remote.RemoteWebDriver.execute(RemoteWebDriver.java:609)
	at org.openqa.selenium.remote.RemoteWebDriver.getScreenshotAs(RemoteWebDriver.java:295)
	at com.tt.utility.BaseTest.captureScreenShot(BaseTest.java:232)
	at com.tt.utility.BaseTest.getResult(BaseTest.java:191)
... Removed 30 stack frames]]>
    </failure>
  </testcase> <!-- @AfterMethod getResult -->
  <testcase name="@AfterMethod getResult" time="0.0" classname="com.tt.BE.TC_CancelBooking_Yankee">
    <skipped/>
  </testcase> <!-- @AfterMethod getResult -->
  <testcase name="@AfterMethod getResult" time="0.0" classname="com.tt.BE.TC_CancelBooking_Yankee">
    <skipped/>
  </testcase> <!-- @AfterMethod getResult -->
  <testcase name="@AfterMethod getResult" time="0.0" classname="com.tt.BE.TC_CancelBooking_Yankee">
    <skipped/>
  </testcase> <!-- @AfterMethod getResult -->
  <testcase name="@AfterTest driverclose" time="0.0" classname="com.tt.admin.TC_Admin_Login">
    <skipped/>
  </testcase> <!-- @AfterTest driverclose -->
  <testcase name="test" time="11.737" classname="com.tt.admin.TC_Admin_Login"/>
  <testcase name="brandSelection" time="17.623" classname="com.tt.admin.TC_Brand_Selection"/>
  <testcase name="selProperty" time="6.779" classname="com.tt.admin.TC_Select_Property"/>
  <testcase name="rategrid" time="15.476" classname="com.tt.BE.TC_CancelBooking_Yankee"/>
  <testcase name="Flow" time="0.001" classname="com.tt.BE.TC_CancelBooking_Yankee">
    <skipped/>
  </testcase> <!-- Flow -->
  <testcase name="CountComparision" time="0.002" classname="com.tt.BE.TC_CancelBooking_Yankee">
    <skipped/>
  </testcase> <!-- CountComparision -->
  <testcase name="CancelReservation_Ratecheck" time="0.001" classname="com.tt.BE.TC_CancelBooking_Yankee">
    <skipped/>
  </testcase> <!-- CancelReservation_Ratecheck -->
</testsuite> <!-- CancelBooking_Yankee -->
