<?xml version="1.0" encoding="UTF-8"?>
<!-- Generated by org.testng.reporters.JUnitXMLReporter -->
<testsuite hostname="DESKTOP-K1SDGBA" name="DPR" tests="34" failures="32" timestamp="7 Aug 2020 11:21:17 GMT" time="2765.592" errors="0">
  <testcase name="AddNewDPR_Discounttype_FlatAmount_DOW_AllDays" time="61.796" classname="com.tt.admin.TC_DPRTestCases_FlatAmount"/>
  <testcase name="VerfiyinBE_AddNewDPR_Discounttype_FlatAmount_DOW" time="97.186" classname="com.tt.admin.TC_DPRTestCases_FlatAmount">
    <failure type="org.openqa.selenium.NoSuchElementException" message="no such element: Unable to locate element: {&amp;quot;method&amp;quot;:&amp;quot;xpath&amp;quot;,&amp;quot;selector&amp;quot;:&amp;quot;//span[contains(text(),&amp;apos;Times Square View Two Queen Room&amp;apos;) and @class=&amp;apos;rooms-list-title ng-binding&amp;apos;]&amp;quot;}
  (Session info: chrome=84.0.4147.105)
  (Driver info: chromedriver=2.41.578737 (49da6702b16031c40d63e5618de03a32ff6c197e),platform=Windows NT 10.0.18362 x86_64) (WARNING: The server did not provide any stacktrace information)
Command duration or timeout: 0 milliseconds
For documentation on this error, please visit: https://www.seleniumhq.org/exceptions/no_such_element.html
Build info: version: &amp;apos;3.141.59&amp;apos;, revision: &amp;apos;e82be7d358&amp;apos;, time: &amp;apos;2018-11-14T08:17:03&amp;apos;
System info: host: &amp;apos;DESKTOP-K1SDGBA&amp;apos;, ip: &amp;apos;192.168.100.9&amp;apos;, os.name: &amp;apos;Windows 10&amp;apos;, os.arch: &amp;apos;amd64&amp;apos;, os.version: &amp;apos;10.0&amp;apos;, java.version: &amp;apos;1.8.0_211&amp;apos;
Driver info: org.openqa.selenium.chrome.ChromeDriver
Capabilities {acceptInsecureCerts: false, acceptSslCerts: false, applicationCacheEnabled: false, browserConnectionEnabled: false, browserName: chrome, chrome: {chromedriverVersion: 2.41.578737 (49da6702b16031..., userDataDir: C:\Users\TT095\AppData\Loca...}, cssSelectorsEnabled: true, databaseEnabled: false, goog:chromeOptions: {debuggerAddress: localhost:53197}, handlesAlerts: true, hasTouchScreen: false, javascriptEnabled: true, locationContextEnabled: true, mobileEmulationEnabled: false, nativeEvents: true, networkConnectionEnabled: false, pageLoadStrategy: normal, platform: XP, platformName: XP, rotatable: false, setWindowRect: true, takesHeapSnapshot: true, takesScreenshot: true, unexpectedAlertBehaviour: , unhandledPromptBehavior: , version: 84.0.4147.105, webStorageEnabled: true}
Session ID: da19636c0c0f25ce04d7311e0b23d4d3
*** Element info: {Using=xpath, value=//span[contains(text(),&amp;apos;Times Square View Two Queen Room&amp;apos;) and @class=&amp;apos;rooms-list-title ng-binding&amp;apos;]}">
      <![CDATA[org.openqa.selenium.NoSuchElementException: no such element: Unable to locate element: {"method":"xpath","selector":"//span[contains(text(),'Times Square View Two Queen Room') and @class='rooms-list-title ng-binding']"}
  (Session info: chrome=84.0.4147.105)
  (Driver info: chromedriver=2.41.578737 (49da6702b16031c40d63e5618de03a32ff6c197e),platform=Windows NT 10.0.18362 x86_64) (WARNING: The server did not provide any stacktrace information)
Command duration or timeout: 0 milliseconds
For documentation on this error, please visit: https://www.seleniumhq.org/exceptions/no_such_element.html
Build info: version: '3.141.59', revision: 'e82be7d358', time: '2018-11-14T08:17:03'
System info: host: 'DESKTOP-K1SDGBA', ip: '192.168.100.9', os.name: 'Windows 10', os.arch: 'amd64', os.version: '10.0', java.version: '1.8.0_211'
Driver info: org.openqa.selenium.chrome.ChromeDriver
Capabilities {acceptInsecureCerts: false, acceptSslCerts: false, applicationCacheEnabled: false, browserConnectionEnabled: false, browserName: chrome, chrome: {chromedriverVersion: 2.41.578737 (49da6702b16031..., userDataDir: C:\Users\TT095\AppData\Loca...}, cssSelectorsEnabled: true, databaseEnabled: false, goog:chromeOptions: {debuggerAddress: localhost:53197}, handlesAlerts: true, hasTouchScreen: false, javascriptEnabled: true, locationContextEnabled: true, mobileEmulationEnabled: false, nativeEvents: true, networkConnectionEnabled: false, pageLoadStrategy: normal, platform: XP, platformName: XP, rotatable: false, setWindowRect: true, takesHeapSnapshot: true, takesScreenshot: true, unexpectedAlertBehaviour: , unhandledPromptBehavior: , version: 84.0.4147.105, webStorageEnabled: true}
Session ID: da19636c0c0f25ce04d7311e0b23d4d3
*** Element info: {Using=xpath, value=//span[contains(text(),'Times Square View Two Queen Room') and @class='rooms-list-title ng-binding']}
	at org.openqa.selenium.remote.ErrorHandler.createThrowable(ErrorHandler.java:214)
	at org.openqa.selenium.remote.ErrorHandler.throwIfResponseFailed(ErrorHandler.java:166)
	at org.openqa.selenium.remote.http.JsonHttpResponseCodec.reconstructValue(JsonHttpResponseCodec.java:40)
	at org.openqa.selenium.remote.http.AbstractHttpResponseCodec.decode(AbstractHttpResponseCodec.java:80)
	at org.openqa.selenium.remote.http.AbstractHttpResponseCodec.decode(AbstractHttpResponseCodec.java:44)
	at org.openqa.selenium.remote.HttpCommandExecutor.execute(HttpCommandExecutor.java:158)
	at org.openqa.selenium.remote.service.DriverCommandExecutor.execute(DriverCommandExecutor.java:83)
	at org.openqa.selenium.remote.RemoteWebDriver.execute(RemoteWebDriver.java:552)
	at org.openqa.selenium.remote.RemoteWebDriver.findElement(RemoteWebDriver.java:323)
	at org.openqa.selenium.remote.RemoteWebDriver.findElementByXPath(RemoteWebDriver.java:428)
	at org.openqa.selenium.By$ByXPath.findElement(By.java:353)
	at org.openqa.selenium.remote.RemoteWebDriver.findElement(RemoteWebDriver.java:315)
	at com.tt.BE.pom.ClassicFlow_AvailPage.room_type(ClassicFlow_AvailPage.java:803)
	at com.tt.BE.pom.ClassicFlow_AvailPage.ReuseMethodsforDPRcheckavailabitlity(ClassicFlow_AvailPage.java:1191)
	at com.tt.admin.TC_DPRTestCases_FlatAmount.VerfiyinBE_AddNewDPR_Discounttype_FlatAmount_DOW(TC_DPRTestCases_FlatAmount.java:162)
... Removed 28 stack frames]]>
    </failure>
  </testcase> <!-- VerfiyinBE_AddNewDPR_Discounttype_FlatAmount_DOW -->
  <testcase name="AddNewDPR_Discounttype_FlatAmount_DOW_particularDay" time="100.396" classname="com.tt.admin.TC_DPRTestCases_FlatAmount">
    <failure type="java.lang.NullPointerException">
      <![CDATA[java.lang.NullPointerException
	at com.tt.admin.TC_DPRTestCases_FlatAmount.AddNewDPR_Discounttype_FlatAmount_DOW_particularDay(TC_DPRTestCases_FlatAmount.java:213)
... Removed 24 stack frames]]>
    </failure>
  </testcase> <!-- AddNewDPR_Discounttype_FlatAmount_DOW_particularDay -->
  <testcase name="AddNewDPR_Discounttype_FlatAmount_First_N_Nights" time="103.469" classname="com.tt.admin.TC_DPRTestCases_FlatAmount">
    <failure type="java.lang.NullPointerException">
      <![CDATA[java.lang.NullPointerException
	at com.tt.admin.TC_DPRTestCases_FlatAmount.AddNewDPR_Discounttype_FlatAmount_First_N_Nights(TC_DPRTestCases_FlatAmount.java:253)
... Removed 24 stack frames]]>
    </failure>
  </testcase> <!-- AddNewDPR_Discounttype_FlatAmount_First_N_Nights -->
  <testcase name="AddNewDPR_Discounttype_FlatAmount_Last_N_Nights" time="94.164" classname="com.tt.admin.TC_DPRTestCases_FlatAmount">
    <failure type="java.lang.NullPointerException">
      <![CDATA[java.lang.NullPointerException
	at com.tt.admin.TC_DPRTestCases_FlatAmount.AddNewDPR_Discounttype_FlatAmount_Last_N_Nights(TC_DPRTestCases_FlatAmount.java:292)
... Removed 24 stack frames]]>
    </failure>
  </testcase> <!-- AddNewDPR_Discounttype_FlatAmount_Last_N_Nights -->
  <testcase name="AddNewDPR_Discounttype_FlatAmount_NthNight" time="99.332" classname="com.tt.admin.TC_DPRTestCases_FlatAmount">
    <failure type="java.lang.NullPointerException">
      <![CDATA[java.lang.NullPointerException
	at com.tt.admin.TC_DPRTestCases_FlatAmount.AddNewDPR_Discounttype_FlatAmount_NthNight(TC_DPRTestCases_FlatAmount.java:332)
... Removed 24 stack frames]]>
    </failure>
  </testcase> <!-- AddNewDPR_Discounttype_FlatAmount_NthNight -->
  <testcase name="AddNewDPR_Discounttype_FlatAmount_AllNights" time="97.752" classname="com.tt.admin.TC_DPRTestCases_FlatAmount">
    <failure type="java.lang.NullPointerException">
      <![CDATA[java.lang.NullPointerException
	at com.tt.admin.TC_DPRTestCases_FlatAmount.AddNewDPR_Discounttype_FlatAmount_AllNights(TC_DPRTestCases_FlatAmount.java:373)
... Removed 24 stack frames]]>
    </failure>
  </testcase> <!-- AddNewDPR_Discounttype_FlatAmount_AllNights -->
  <testcase name="VerifyDPR_In_CallCenter" time="97.467" classname="com.tt.admin.TC_DPRTestCases_FlatAmount">
    <failure type="java.lang.NullPointerException">
      <![CDATA[java.lang.NullPointerException
	at com.tt.admin.TC_DPRTestCases_FlatAmount.VerifyDPR_In_CallCenter(TC_DPRTestCases_FlatAmount.java:418)
... Removed 24 stack frames]]>
    </failure>
  </testcase> <!-- VerifyDPR_In_CallCenter -->
  <testcase name="Copy_DPR_Errors" time="1.916" classname="com.tt.admin.TC_DPRTestCases_FlatAmount">
    <failure type="java.lang.NullPointerException">
      <![CDATA[java.lang.NullPointerException
	at com.tt.admin.TC_DPRTestCases_FlatAmount.Copy_DPR_Errors(TC_DPRTestCases_FlatAmount.java:448)
... Removed 24 stack frames]]>
    </failure>
  </testcase> <!-- Copy_DPR_Errors -->
  <testcase name="AddNewDPR_Discounttype_Percentage_DOW_AllDays" time="16.801" classname="com.tt.admin.TC_DPRTestCases_Percentage"/>
  <testcase name="VerfiyinBE_AddNewDPR_Discounttype_Percentage_DOW" time="85.288" classname="com.tt.admin.TC_DPRTestCases_Percentage">
    <failure type="org.openqa.selenium.NoSuchElementException" message="no such element: Unable to locate element: {&amp;quot;method&amp;quot;:&amp;quot;xpath&amp;quot;,&amp;quot;selector&amp;quot;:&amp;quot;//span[contains(text(),&amp;apos;Times Square View Two Queen Room&amp;apos;) and @class=&amp;apos;rooms-list-title ng-binding&amp;apos;]&amp;quot;}
  (Session info: chrome=84.0.4147.105)
  (Driver info: chromedriver=2.41.578737 (49da6702b16031c40d63e5618de03a32ff6c197e),platform=Windows NT 10.0.18362 x86_64) (WARNING: The server did not provide any stacktrace information)
Command duration or timeout: 0 milliseconds
For documentation on this error, please visit: https://www.seleniumhq.org/exceptions/no_such_element.html
Build info: version: &amp;apos;3.141.59&amp;apos;, revision: &amp;apos;e82be7d358&amp;apos;, time: &amp;apos;2018-11-14T08:17:03&amp;apos;
System info: host: &amp;apos;DESKTOP-K1SDGBA&amp;apos;, ip: &amp;apos;192.168.100.9&amp;apos;, os.name: &amp;apos;Windows 10&amp;apos;, os.arch: &amp;apos;amd64&amp;apos;, os.version: &amp;apos;10.0&amp;apos;, java.version: &amp;apos;1.8.0_211&amp;apos;
Driver info: org.openqa.selenium.chrome.ChromeDriver
Capabilities {acceptInsecureCerts: false, acceptSslCerts: false, applicationCacheEnabled: false, browserConnectionEnabled: false, browserName: chrome, chrome: {chromedriverVersion: 2.41.578737 (49da6702b16031..., userDataDir: C:\Users\TT095\AppData\Loca...}, cssSelectorsEnabled: true, databaseEnabled: false, goog:chromeOptions: {debuggerAddress: localhost:53197}, handlesAlerts: true, hasTouchScreen: false, javascriptEnabled: true, locationContextEnabled: true, mobileEmulationEnabled: false, nativeEvents: true, networkConnectionEnabled: false, pageLoadStrategy: normal, platform: XP, platformName: XP, rotatable: false, setWindowRect: true, takesHeapSnapshot: true, takesScreenshot: true, unexpectedAlertBehaviour: , unhandledPromptBehavior: , version: 84.0.4147.105, webStorageEnabled: true}
Session ID: da19636c0c0f25ce04d7311e0b23d4d3
*** Element info: {Using=xpath, value=//span[contains(text(),&amp;apos;Times Square View Two Queen Room&amp;apos;) and @class=&amp;apos;rooms-list-title ng-binding&amp;apos;]}">
      <![CDATA[org.openqa.selenium.NoSuchElementException: no such element: Unable to locate element: {"method":"xpath","selector":"//span[contains(text(),'Times Square View Two Queen Room') and @class='rooms-list-title ng-binding']"}
  (Session info: chrome=84.0.4147.105)
  (Driver info: chromedriver=2.41.578737 (49da6702b16031c40d63e5618de03a32ff6c197e),platform=Windows NT 10.0.18362 x86_64) (WARNING: The server did not provide any stacktrace information)
Command duration or timeout: 0 milliseconds
For documentation on this error, please visit: https://www.seleniumhq.org/exceptions/no_such_element.html
Build info: version: '3.141.59', revision: 'e82be7d358', time: '2018-11-14T08:17:03'
System info: host: 'DESKTOP-K1SDGBA', ip: '192.168.100.9', os.name: 'Windows 10', os.arch: 'amd64', os.version: '10.0', java.version: '1.8.0_211'
Driver info: org.openqa.selenium.chrome.ChromeDriver
Capabilities {acceptInsecureCerts: false, acceptSslCerts: false, applicationCacheEnabled: false, browserConnectionEnabled: false, browserName: chrome, chrome: {chromedriverVersion: 2.41.578737 (49da6702b16031..., userDataDir: C:\Users\TT095\AppData\Loca...}, cssSelectorsEnabled: true, databaseEnabled: false, goog:chromeOptions: {debuggerAddress: localhost:53197}, handlesAlerts: true, hasTouchScreen: false, javascriptEnabled: true, locationContextEnabled: true, mobileEmulationEnabled: false, nativeEvents: true, networkConnectionEnabled: false, pageLoadStrategy: normal, platform: XP, platformName: XP, rotatable: false, setWindowRect: true, takesHeapSnapshot: true, takesScreenshot: true, unexpectedAlertBehaviour: , unhandledPromptBehavior: , version: 84.0.4147.105, webStorageEnabled: true}
Session ID: da19636c0c0f25ce04d7311e0b23d4d3
*** Element info: {Using=xpath, value=//span[contains(text(),'Times Square View Two Queen Room') and @class='rooms-list-title ng-binding']}
	at org.openqa.selenium.remote.ErrorHandler.createThrowable(ErrorHandler.java:214)
	at org.openqa.selenium.remote.ErrorHandler.throwIfResponseFailed(ErrorHandler.java:166)
	at org.openqa.selenium.remote.http.JsonHttpResponseCodec.reconstructValue(JsonHttpResponseCodec.java:40)
	at org.openqa.selenium.remote.http.AbstractHttpResponseCodec.decode(AbstractHttpResponseCodec.java:80)
	at org.openqa.selenium.remote.http.AbstractHttpResponseCodec.decode(AbstractHttpResponseCodec.java:44)
	at org.openqa.selenium.remote.HttpCommandExecutor.execute(HttpCommandExecutor.java:158)
	at org.openqa.selenium.remote.service.DriverCommandExecutor.execute(DriverCommandExecutor.java:83)
	at org.openqa.selenium.remote.RemoteWebDriver.execute(RemoteWebDriver.java:552)
	at org.openqa.selenium.remote.RemoteWebDriver.findElement(RemoteWebDriver.java:323)
	at org.openqa.selenium.remote.RemoteWebDriver.findElementByXPath(RemoteWebDriver.java:428)
	at org.openqa.selenium.By$ByXPath.findElement(By.java:353)
	at org.openqa.selenium.remote.RemoteWebDriver.findElement(RemoteWebDriver.java:315)
	at com.tt.BE.pom.ClassicFlow_AvailPage.room_type(ClassicFlow_AvailPage.java:803)
	at com.tt.BE.pom.ClassicFlow_AvailPage.ReuseMethodsforDPRcheckavailabitlity(ClassicFlow_AvailPage.java:1191)
	at com.tt.admin.TC_DPRTestCases_Percentage.VerfiyinBE_AddNewDPR_Discounttype_Percentage_DOW(TC_DPRTestCases_Percentage.java:154)
... Removed 27 stack frames]]>
    </failure>
  </testcase> <!-- VerfiyinBE_AddNewDPR_Discounttype_Percentage_DOW -->
  <testcase name="AddNewDPR_Discounttype_Percentage_DOW_particularDay" time="103.897" classname="com.tt.admin.TC_DPRTestCases_Percentage">
    <failure type="java.lang.NullPointerException">
      <![CDATA[java.lang.NullPointerException
	at com.tt.admin.TC_DPRTestCases_Percentage.AddNewDPR_Discounttype_Percentage_DOW_particularDay(TC_DPRTestCases_Percentage.java:204)
... Removed 24 stack frames]]>
    </failure>
  </testcase> <!-- AddNewDPR_Discounttype_Percentage_DOW_particularDay -->
  <testcase name="AddNewDPR_Discounttype_Percentage_First_N_Nights" time="99.653" classname="com.tt.admin.TC_DPRTestCases_Percentage">
    <failure type="java.lang.NullPointerException">
      <![CDATA[java.lang.NullPointerException
	at com.tt.admin.TC_DPRTestCases_Percentage.AddNewDPR_Discounttype_Percentage_First_N_Nights(TC_DPRTestCases_Percentage.java:244)
... Removed 24 stack frames]]>
    </failure>
  </testcase> <!-- AddNewDPR_Discounttype_Percentage_First_N_Nights -->
  <testcase name="AddNewDPR_Discounttype_Percentage_Last_N_Nights" time="95.242" classname="com.tt.admin.TC_DPRTestCases_Percentage">
    <failure type="java.lang.NullPointerException">
      <![CDATA[java.lang.NullPointerException
	at com.tt.admin.TC_DPRTestCases_Percentage.AddNewDPR_Discounttype_Percentage_Last_N_Nights(TC_DPRTestCases_Percentage.java:284)
... Removed 24 stack frames]]>
    </failure>
  </testcase> <!-- AddNewDPR_Discounttype_Percentage_Last_N_Nights -->
  <testcase name="AddNewDPR_Discounttype_Percentage_NthNight" time="97.81" classname="com.tt.admin.TC_DPRTestCases_Percentage">
    <failure type="java.lang.NullPointerException">
      <![CDATA[java.lang.NullPointerException
	at com.tt.admin.TC_DPRTestCases_Percentage.AddNewDPR_Discounttype_Percentage_NthNight(TC_DPRTestCases_Percentage.java:336)
... Removed 24 stack frames]]>
    </failure>
  </testcase> <!-- AddNewDPR_Discounttype_Percentage_NthNight -->
  <testcase name="AddNewDPR_Discounttype_Percentage_AllNights" time="102.625" classname="com.tt.admin.TC_DPRTestCases_Percentage">
    <failure type="java.lang.NullPointerException">
      <![CDATA[java.lang.NullPointerException
	at com.tt.admin.TC_DPRTestCases_Percentage.AddNewDPR_Discounttype_Percentage_AllNights(TC_DPRTestCases_Percentage.java:377)
... Removed 24 stack frames]]>
    </failure>
  </testcase> <!-- AddNewDPR_Discounttype_Percentage_AllNights -->
  <testcase name="AddNewDPR_Discounttype_FlatAmount_DOW_AllDays" time="0.081" classname="com.tt.admin.TC_DPRTestCases_Flat_Then_Percentage">
    <failure type="java.lang.NullPointerException">
      <![CDATA[java.lang.NullPointerException
	at com.tt.admin.TC_DPRTestCases_Flat_Then_Percentage.AddNewDPR_Discounttype_FlatAmount_DOW_AllDays(TC_DPRTestCases_Flat_Then_Percentage.java:107)
... Removed 24 stack frames]]>
    </failure>
  </testcase> <!-- AddNewDPR_Discounttype_FlatAmount_DOW_AllDays -->
  <testcase name="VerfiyinBE_AddNewDPR_Discounttype_FlatAmount_DOW" time="81.989" classname="com.tt.admin.TC_DPRTestCases_Flat_Then_Percentage">
    <failure type="org.openqa.selenium.NoSuchElementException" message="no such element: Unable to locate element: {&amp;quot;method&amp;quot;:&amp;quot;xpath&amp;quot;,&amp;quot;selector&amp;quot;:&amp;quot;//span[contains(text(),&amp;apos;Times Square View Two Queen Room&amp;apos;) and @class=&amp;apos;rooms-list-title ng-binding&amp;apos;]&amp;quot;}
  (Session info: chrome=84.0.4147.105)
  (Driver info: chromedriver=2.41.578737 (49da6702b16031c40d63e5618de03a32ff6c197e),platform=Windows NT 10.0.18362 x86_64) (WARNING: The server did not provide any stacktrace information)
Command duration or timeout: 0 milliseconds
For documentation on this error, please visit: https://www.seleniumhq.org/exceptions/no_such_element.html
Build info: version: &amp;apos;3.141.59&amp;apos;, revision: &amp;apos;e82be7d358&amp;apos;, time: &amp;apos;2018-11-14T08:17:03&amp;apos;
System info: host: &amp;apos;DESKTOP-K1SDGBA&amp;apos;, ip: &amp;apos;192.168.100.9&amp;apos;, os.name: &amp;apos;Windows 10&amp;apos;, os.arch: &amp;apos;amd64&amp;apos;, os.version: &amp;apos;10.0&amp;apos;, java.version: &amp;apos;1.8.0_211&amp;apos;
Driver info: org.openqa.selenium.chrome.ChromeDriver
Capabilities {acceptInsecureCerts: false, acceptSslCerts: false, applicationCacheEnabled: false, browserConnectionEnabled: false, browserName: chrome, chrome: {chromedriverVersion: 2.41.578737 (49da6702b16031..., userDataDir: C:\Users\TT095\AppData\Loca...}, cssSelectorsEnabled: true, databaseEnabled: false, goog:chromeOptions: {debuggerAddress: localhost:53197}, handlesAlerts: true, hasTouchScreen: false, javascriptEnabled: true, locationContextEnabled: true, mobileEmulationEnabled: false, nativeEvents: true, networkConnectionEnabled: false, pageLoadStrategy: normal, platform: XP, platformName: XP, rotatable: false, setWindowRect: true, takesHeapSnapshot: true, takesScreenshot: true, unexpectedAlertBehaviour: , unhandledPromptBehavior: , version: 84.0.4147.105, webStorageEnabled: true}
Session ID: da19636c0c0f25ce04d7311e0b23d4d3
*** Element info: {Using=xpath, value=//span[contains(text(),&amp;apos;Times Square View Two Queen Room&amp;apos;) and @class=&amp;apos;rooms-list-title ng-binding&amp;apos;]}">
      <![CDATA[org.openqa.selenium.NoSuchElementException: no such element: Unable to locate element: {"method":"xpath","selector":"//span[contains(text(),'Times Square View Two Queen Room') and @class='rooms-list-title ng-binding']"}
  (Session info: chrome=84.0.4147.105)
  (Driver info: chromedriver=2.41.578737 (49da6702b16031c40d63e5618de03a32ff6c197e),platform=Windows NT 10.0.18362 x86_64) (WARNING: The server did not provide any stacktrace information)
Command duration or timeout: 0 milliseconds
For documentation on this error, please visit: https://www.seleniumhq.org/exceptions/no_such_element.html
Build info: version: '3.141.59', revision: 'e82be7d358', time: '2018-11-14T08:17:03'
System info: host: 'DESKTOP-K1SDGBA', ip: '192.168.100.9', os.name: 'Windows 10', os.arch: 'amd64', os.version: '10.0', java.version: '1.8.0_211'
Driver info: org.openqa.selenium.chrome.ChromeDriver
Capabilities {acceptInsecureCerts: false, acceptSslCerts: false, applicationCacheEnabled: false, browserConnectionEnabled: false, browserName: chrome, chrome: {chromedriverVersion: 2.41.578737 (49da6702b16031..., userDataDir: C:\Users\TT095\AppData\Loca...}, cssSelectorsEnabled: true, databaseEnabled: false, goog:chromeOptions: {debuggerAddress: localhost:53197}, handlesAlerts: true, hasTouchScreen: false, javascriptEnabled: true, locationContextEnabled: true, mobileEmulationEnabled: false, nativeEvents: true, networkConnectionEnabled: false, pageLoadStrategy: normal, platform: XP, platformName: XP, rotatable: false, setWindowRect: true, takesHeapSnapshot: true, takesScreenshot: true, unexpectedAlertBehaviour: , unhandledPromptBehavior: , version: 84.0.4147.105, webStorageEnabled: true}
Session ID: da19636c0c0f25ce04d7311e0b23d4d3
*** Element info: {Using=xpath, value=//span[contains(text(),'Times Square View Two Queen Room') and @class='rooms-list-title ng-binding']}
	at org.openqa.selenium.remote.ErrorHandler.createThrowable(ErrorHandler.java:214)
	at org.openqa.selenium.remote.ErrorHandler.throwIfResponseFailed(ErrorHandler.java:166)
	at org.openqa.selenium.remote.http.JsonHttpResponseCodec.reconstructValue(JsonHttpResponseCodec.java:40)
	at org.openqa.selenium.remote.http.AbstractHttpResponseCodec.decode(AbstractHttpResponseCodec.java:80)
	at org.openqa.selenium.remote.http.AbstractHttpResponseCodec.decode(AbstractHttpResponseCodec.java:44)
	at org.openqa.selenium.remote.HttpCommandExecutor.execute(HttpCommandExecutor.java:158)
	at org.openqa.selenium.remote.service.DriverCommandExecutor.execute(DriverCommandExecutor.java:83)
	at org.openqa.selenium.remote.RemoteWebDriver.execute(RemoteWebDriver.java:552)
	at org.openqa.selenium.remote.RemoteWebDriver.findElement(RemoteWebDriver.java:323)
	at org.openqa.selenium.remote.RemoteWebDriver.findElementByXPath(RemoteWebDriver.java:428)
	at org.openqa.selenium.By$ByXPath.findElement(By.java:353)
	at org.openqa.selenium.remote.RemoteWebDriver.findElement(RemoteWebDriver.java:315)
	at com.tt.BE.pom.ClassicFlow_AvailPage.room_type(ClassicFlow_AvailPage.java:803)
	at com.tt.BE.pom.ClassicFlow_AvailPage.ReuseMethodsforDPRcheckavailabitlity(ClassicFlow_AvailPage.java:1191)
	at com.tt.admin.TC_DPRTestCases_Flat_Then_Percentage.VerfiyinBE_AddNewDPR_Discounttype_FlatAmount_DOW(TC_DPRTestCases_Flat_Then_Percentage.java:152)
... Removed 27 stack frames]]>
    </failure>
  </testcase> <!-- VerfiyinBE_AddNewDPR_Discounttype_FlatAmount_DOW -->
  <testcase name="AddNewDPR_Discounttype_FlatAmount_DOW_particularDay" time="102.129" classname="com.tt.admin.TC_DPRTestCases_Flat_Then_Percentage">
    <failure type="java.lang.NullPointerException">
      <![CDATA[java.lang.NullPointerException
	at com.tt.admin.TC_DPRTestCases_Flat_Then_Percentage.AddNewDPR_Discounttype_FlatAmount_DOW_particularDay(TC_DPRTestCases_Flat_Then_Percentage.java:202)
... Removed 24 stack frames]]>
    </failure>
  </testcase> <!-- AddNewDPR_Discounttype_FlatAmount_DOW_particularDay -->
  <testcase name="AddNewDPR_Discounttype_FlatAmount_First_N_Nights" time="95.312" classname="com.tt.admin.TC_DPRTestCases_Flat_Then_Percentage">
    <failure type="java.lang.NullPointerException">
      <![CDATA[java.lang.NullPointerException
	at com.tt.admin.TC_DPRTestCases_Flat_Then_Percentage.AddNewDPR_Discounttype_FlatAmount_First_N_Nights(TC_DPRTestCases_Flat_Then_Percentage.java:244)
... Removed 24 stack frames]]>
    </failure>
  </testcase> <!-- AddNewDPR_Discounttype_FlatAmount_First_N_Nights -->
  <testcase name="AddNewDPR_Discounttype_FlatAmount_Last_N_Nights" time="121.53" classname="com.tt.admin.TC_DPRTestCases_Flat_Then_Percentage">
    <failure type="java.lang.NullPointerException">
      <![CDATA[java.lang.NullPointerException
	at com.tt.admin.TC_DPRTestCases_Flat_Then_Percentage.AddNewDPR_Discounttype_FlatAmount_Last_N_Nights(TC_DPRTestCases_Flat_Then_Percentage.java:285)
... Removed 24 stack frames]]>
    </failure>
  </testcase> <!-- AddNewDPR_Discounttype_FlatAmount_Last_N_Nights -->
  <testcase name="AddNewDPR_Discounttype_FlatAmount_NthNight" time="98.38" classname="com.tt.admin.TC_DPRTestCases_Flat_Then_Percentage">
    <failure type="java.lang.NullPointerException">
      <![CDATA[java.lang.NullPointerException
	at com.tt.admin.TC_DPRTestCases_Flat_Then_Percentage.AddNewDPR_Discounttype_FlatAmount_NthNight(TC_DPRTestCases_Flat_Then_Percentage.java:326)
... Removed 24 stack frames]]>
    </failure>
  </testcase> <!-- AddNewDPR_Discounttype_FlatAmount_NthNight -->
  <testcase name="AddNewDPR_Discounttype_FlatAmount_AllNights" time="94.495" classname="com.tt.admin.TC_DPRTestCases_Flat_Then_Percentage">
    <failure type="java.lang.NullPointerException">
      <![CDATA[java.lang.NullPointerException
	at com.tt.admin.TC_DPRTestCases_Flat_Then_Percentage.AddNewDPR_Discounttype_FlatAmount_AllNights(TC_DPRTestCases_Flat_Then_Percentage.java:367)
... Removed 24 stack frames]]>
    </failure>
  </testcase> <!-- AddNewDPR_Discounttype_FlatAmount_AllNights -->
  <testcase name="AddNewDPR_Discounttype_FlatAmount_DOW_AllDays" time="0.029" classname="com.tt.admin.TC_DPRTestCases_Percentage_Then_Flat">
    <failure type="java.lang.NullPointerException">
      <![CDATA[java.lang.NullPointerException
	at com.tt.admin.TC_DPRTestCases_Percentage_Then_Flat.AddNewDPR_Discounttype_FlatAmount_DOW_AllDays(TC_DPRTestCases_Percentage_Then_Flat.java:106)
... Removed 24 stack frames]]>
    </failure>
  </testcase> <!-- AddNewDPR_Discounttype_FlatAmount_DOW_AllDays -->
  <testcase name="VerfiyinBE_AddNewDPR_Discounttype_FlatAmount_DOW" time="83.65" classname="com.tt.admin.TC_DPRTestCases_Percentage_Then_Flat">
    <failure type="org.openqa.selenium.NoSuchElementException" message="no such element: Unable to locate element: {&amp;quot;method&amp;quot;:&amp;quot;xpath&amp;quot;,&amp;quot;selector&amp;quot;:&amp;quot;//span[contains(text(),&amp;apos;Times Square View Two Queen Room&amp;apos;) and @class=&amp;apos;rooms-list-title ng-binding&amp;apos;]&amp;quot;}
  (Session info: chrome=84.0.4147.105)
  (Driver info: chromedriver=2.41.578737 (49da6702b16031c40d63e5618de03a32ff6c197e),platform=Windows NT 10.0.18362 x86_64) (WARNING: The server did not provide any stacktrace information)
Command duration or timeout: 0 milliseconds
For documentation on this error, please visit: https://www.seleniumhq.org/exceptions/no_such_element.html
Build info: version: &amp;apos;3.141.59&amp;apos;, revision: &amp;apos;e82be7d358&amp;apos;, time: &amp;apos;2018-11-14T08:17:03&amp;apos;
System info: host: &amp;apos;DESKTOP-K1SDGBA&amp;apos;, ip: &amp;apos;192.168.100.9&amp;apos;, os.name: &amp;apos;Windows 10&amp;apos;, os.arch: &amp;apos;amd64&amp;apos;, os.version: &amp;apos;10.0&amp;apos;, java.version: &amp;apos;1.8.0_211&amp;apos;
Driver info: org.openqa.selenium.chrome.ChromeDriver
Capabilities {acceptInsecureCerts: false, acceptSslCerts: false, applicationCacheEnabled: false, browserConnectionEnabled: false, browserName: chrome, chrome: {chromedriverVersion: 2.41.578737 (49da6702b16031..., userDataDir: C:\Users\TT095\AppData\Loca...}, cssSelectorsEnabled: true, databaseEnabled: false, goog:chromeOptions: {debuggerAddress: localhost:53197}, handlesAlerts: true, hasTouchScreen: false, javascriptEnabled: true, locationContextEnabled: true, mobileEmulationEnabled: false, nativeEvents: true, networkConnectionEnabled: false, pageLoadStrategy: normal, platform: XP, platformName: XP, rotatable: false, setWindowRect: true, takesHeapSnapshot: true, takesScreenshot: true, unexpectedAlertBehaviour: , unhandledPromptBehavior: , version: 84.0.4147.105, webStorageEnabled: true}
Session ID: da19636c0c0f25ce04d7311e0b23d4d3
*** Element info: {Using=xpath, value=//span[contains(text(),&amp;apos;Times Square View Two Queen Room&amp;apos;) and @class=&amp;apos;rooms-list-title ng-binding&amp;apos;]}">
      <![CDATA[org.openqa.selenium.NoSuchElementException: no such element: Unable to locate element: {"method":"xpath","selector":"//span[contains(text(),'Times Square View Two Queen Room') and @class='rooms-list-title ng-binding']"}
  (Session info: chrome=84.0.4147.105)
  (Driver info: chromedriver=2.41.578737 (49da6702b16031c40d63e5618de03a32ff6c197e),platform=Windows NT 10.0.18362 x86_64) (WARNING: The server did not provide any stacktrace information)
Command duration or timeout: 0 milliseconds
For documentation on this error, please visit: https://www.seleniumhq.org/exceptions/no_such_element.html
Build info: version: '3.141.59', revision: 'e82be7d358', time: '2018-11-14T08:17:03'
System info: host: 'DESKTOP-K1SDGBA', ip: '192.168.100.9', os.name: 'Windows 10', os.arch: 'amd64', os.version: '10.0', java.version: '1.8.0_211'
Driver info: org.openqa.selenium.chrome.ChromeDriver
Capabilities {acceptInsecureCerts: false, acceptSslCerts: false, applicationCacheEnabled: false, browserConnectionEnabled: false, browserName: chrome, chrome: {chromedriverVersion: 2.41.578737 (49da6702b16031..., userDataDir: C:\Users\TT095\AppData\Loca...}, cssSelectorsEnabled: true, databaseEnabled: false, goog:chromeOptions: {debuggerAddress: localhost:53197}, handlesAlerts: true, hasTouchScreen: false, javascriptEnabled: true, locationContextEnabled: true, mobileEmulationEnabled: false, nativeEvents: true, networkConnectionEnabled: false, pageLoadStrategy: normal, platform: XP, platformName: XP, rotatable: false, setWindowRect: true, takesHeapSnapshot: true, takesScreenshot: true, unexpectedAlertBehaviour: , unhandledPromptBehavior: , version: 84.0.4147.105, webStorageEnabled: true}
Session ID: da19636c0c0f25ce04d7311e0b23d4d3
*** Element info: {Using=xpath, value=//span[contains(text(),'Times Square View Two Queen Room') and @class='rooms-list-title ng-binding']}
	at org.openqa.selenium.remote.ErrorHandler.createThrowable(ErrorHandler.java:214)
	at org.openqa.selenium.remote.ErrorHandler.throwIfResponseFailed(ErrorHandler.java:166)
	at org.openqa.selenium.remote.http.JsonHttpResponseCodec.reconstructValue(JsonHttpResponseCodec.java:40)
	at org.openqa.selenium.remote.http.AbstractHttpResponseCodec.decode(AbstractHttpResponseCodec.java:80)
	at org.openqa.selenium.remote.http.AbstractHttpResponseCodec.decode(AbstractHttpResponseCodec.java:44)
	at org.openqa.selenium.remote.HttpCommandExecutor.execute(HttpCommandExecutor.java:158)
	at org.openqa.selenium.remote.service.DriverCommandExecutor.execute(DriverCommandExecutor.java:83)
	at org.openqa.selenium.remote.RemoteWebDriver.execute(RemoteWebDriver.java:552)
	at org.openqa.selenium.remote.RemoteWebDriver.findElement(RemoteWebDriver.java:323)
	at org.openqa.selenium.remote.RemoteWebDriver.findElementByXPath(RemoteWebDriver.java:428)
	at org.openqa.selenium.By$ByXPath.findElement(By.java:353)
	at org.openqa.selenium.remote.RemoteWebDriver.findElement(RemoteWebDriver.java:315)
	at com.tt.BE.pom.ClassicFlow_AvailPage.room_type(ClassicFlow_AvailPage.java:803)
	at com.tt.BE.pom.ClassicFlow_AvailPage.ReuseMethodsforDPRcheckavailabitlity(ClassicFlow_AvailPage.java:1191)
	at com.tt.admin.TC_DPRTestCases_Percentage_Then_Flat.VerfiyinBE_AddNewDPR_Discounttype_FlatAmount_DOW(TC_DPRTestCases_Percentage_Then_Flat.java:151)
... Removed 27 stack frames]]>
    </failure>
  </testcase> <!-- VerfiyinBE_AddNewDPR_Discounttype_FlatAmount_DOW -->
  <testcase name="AddNewDPR_Discounttype_FlatAmount_DOW_particularDay" time="162.373" classname="com.tt.admin.TC_DPRTestCases_Percentage_Then_Flat">
    <failure type="java.lang.NullPointerException">
      <![CDATA[java.lang.NullPointerException
	at com.tt.admin.TC_DPRTestCases_Percentage_Then_Flat.AddNewDPR_Discounttype_FlatAmount_DOW_particularDay(TC_DPRTestCases_Percentage_Then_Flat.java:201)
... Removed 24 stack frames]]>
    </failure>
  </testcase> <!-- AddNewDPR_Discounttype_FlatAmount_DOW_particularDay -->
  <testcase name="AddNewDPR_Discounttype_FlatAmount_First_N_Nights" time="194.62" classname="com.tt.admin.TC_DPRTestCases_Percentage_Then_Flat">
    <failure type="java.lang.NullPointerException">
      <![CDATA[java.lang.NullPointerException
	at com.tt.admin.TC_DPRTestCases_Percentage_Then_Flat.AddNewDPR_Discounttype_FlatAmount_First_N_Nights(TC_DPRTestCases_Percentage_Then_Flat.java:242)
... Removed 24 stack frames]]>
    </failure>
  </testcase> <!-- AddNewDPR_Discounttype_FlatAmount_First_N_Nights -->
  <testcase name="AddNewDPR_Discounttype_FlatAmount_Last_N_Nights" time="145.879" classname="com.tt.admin.TC_DPRTestCases_Percentage_Then_Flat">
    <failure type="java.lang.NullPointerException">
      <![CDATA[java.lang.NullPointerException
	at com.tt.admin.TC_DPRTestCases_Percentage_Then_Flat.AddNewDPR_Discounttype_FlatAmount_Last_N_Nights(TC_DPRTestCases_Percentage_Then_Flat.java:281)
... Removed 24 stack frames]]>
    </failure>
  </testcase> <!-- AddNewDPR_Discounttype_FlatAmount_Last_N_Nights -->
  <testcase name="AddNewDPR_Discounttype_FlatAmount_NthNight" time="102.82" classname="com.tt.admin.TC_DPRTestCases_Percentage_Then_Flat">
    <failure type="java.lang.NullPointerException">
      <![CDATA[java.lang.NullPointerException
	at com.tt.admin.TC_DPRTestCases_Percentage_Then_Flat.AddNewDPR_Discounttype_FlatAmount_NthNight(TC_DPRTestCases_Percentage_Then_Flat.java:320)
... Removed 24 stack frames]]>
    </failure>
  </testcase> <!-- AddNewDPR_Discounttype_FlatAmount_NthNight -->
  <testcase name="AddNewDPR_Discounttype_FlatAmount_AllNights" time="95.145" classname="com.tt.admin.TC_DPRTestCases_Percentage_Then_Flat">
    <failure type="java.lang.NullPointerException">
      <![CDATA[java.lang.NullPointerException
	at com.tt.admin.TC_DPRTestCases_Percentage_Then_Flat.AddNewDPR_Discounttype_FlatAmount_AllNights(TC_DPRTestCases_Percentage_Then_Flat.java:360)
... Removed 24 stack frames]]>
    </failure>
  </testcase> <!-- AddNewDPR_Discounttype_FlatAmount_AllNights -->
  <testcase name="AddNew_DPR_STAY_CONDITIONS_Black_out_Date" time="0.002" classname="com.tt.admin.TC_DPR_Include_Exclude_IP_Geographic">
    <failure type="java.lang.NullPointerException">
      <![CDATA[java.lang.NullPointerException
	at com.tt.admin.TC_DPR_Include_Exclude_IP_Geographic.AddNew_DPR_STAY_CONDITIONS_Black_out_Date(TC_DPR_Include_Exclude_IP_Geographic.java:131)
... Removed 24 stack frames]]>
    </failure>
  </testcase> <!-- AddNew_DPR_STAY_CONDITIONS_Black_out_Date -->
  <testcase name="VerfiyinBE_AddNewDPR_Using_Include_IPAddress" time="0.005" classname="com.tt.admin.TC_DPR_Include_Exclude_IP_Geographic">
    <failure type="java.lang.NullPointerException" message="null value in entry: handle=null">
      <![CDATA[java.lang.NullPointerException: null value in entry: handle=null
	at com.google.common.collect.CollectPreconditions.checkEntryNotNull(CollectPreconditions.java:32)
	at com.google.common.collect.SingletonImmutableBiMap.<init>(SingletonImmutableBiMap.java:42)
	at com.google.common.collect.ImmutableBiMap.of(ImmutableBiMap.java:72)
	at com.google.common.collect.ImmutableMap.of(ImmutableMap.java:124)
	at org.openqa.selenium.remote.RemoteWebDriver$RemoteTargetLocator.window(RemoteWebDriver.java:903)
	at com.tt.admin.TC_DPR_Include_Exclude_IP_Geographic.VerfiyinBE_AddNewDPR_Using_Include_IPAddress(TC_DPR_Include_Exclude_IP_Geographic.java:166)
... Removed 24 stack frames]]>
    </failure>
  </testcase> <!-- VerfiyinBE_AddNewDPR_Using_Include_IPAddress -->
  <testcase name="AddNewDPR_Using_Include_IPAddresses" time="0.002" classname="com.tt.admin.TC_DPR_Include_Exclude_IP_Geographic">
    <failure type="java.lang.NullPointerException">
      <![CDATA[java.lang.NullPointerException
	at com.tt.admin.TC_DPR_Include_Exclude_IP_Geographic.AddNewDPR_Using_Include_IPAddresses(TC_DPR_Include_Exclude_IP_Geographic.java:234)
... Removed 24 stack frames]]>
    </failure>
  </testcase> <!-- AddNewDPR_Using_Include_IPAddresses -->
  <testcase name="VerfiyinBE_AddNewDPR_Using_Exclude_IPAddress" time="0.004" classname="com.tt.admin.TC_DPR_Include_Exclude_IP_Geographic">
    <failure type="java.lang.NullPointerException">
      <![CDATA[java.lang.NullPointerException
	at com.tt.admin.TC_DPR_Include_Exclude_IP_Geographic.VerfiyinBE_AddNewDPR_Using_Exclude_IPAddress(TC_DPR_Include_Exclude_IP_Geographic.java:271)
... Removed 24 stack frames]]>
    </failure>
  </testcase> <!-- VerfiyinBE_AddNewDPR_Using_Exclude_IPAddress -->
</testsuite> <!-- DPR -->
