<html>
<head>
<title>TestNG:  test1</title>
<link href="../testng.css" rel="stylesheet" type="text/css" />
<link href="../my-testng.css" rel="stylesheet" type="text/css" />

<style type="text/css">
.log { display: none;} 
.stack-trace { display: none;} 
</style>
<script type="text/javascript">
<!--
function flip(e) {
  current = e.style.display;
  if (current == 'block') {
    e.style.display = 'none';
    return 0;
  }
  else {
    e.style.display = 'block';
    return 1;
  }
}

function toggleBox(szDivId, elem, msg1, msg2)
{
  var res = -1;  if (document.getElementById) {
    res = flip(document.getElementById(szDivId));
  }
  else if (document.all) {
    // this is the way old msie versions work
    res = flip(document.all[szDivId]);
  }
  if(elem) {
    if(res == 0) elem.innerHTML = msg1; else elem.innerHTML = msg2;
  }

}

function toggleAllBoxes() {
  if (document.getElementsByTagName) {
    d = document.getElementsByTagName('div');
    for (i = 0; i < d.length; i++) {
      if (d[i].className == 'log') {
        flip(d[i]);
      }
    }
  }
}

// -->
</script>

</head>
<body>
<h2 align='center'>test1</h2><table border='1' align="center">
<tr>
<td>Tests passed/Failed/Skipped:</td><td>5/1/0</td>
</tr><tr>
<td>Started on:</td><td>Mon Nov 16 17:03:30 IST 2020</td>
</tr>
<tr><td>Total time:</td><td>541 seconds (541885 ms)</td>
</tr><tr>
<td>Included groups:</td><td></td>
</tr><tr>
<td>Excluded groups:</td><td></td>
</tr>
</table><p/>
<small><i>(Hover the method name to see the test class name)</i></small><p/>
<table width='100%' border='1' class='invocation-failed'>
<tr><td colspan='4' align='center'><b>FAILED TESTS</b></td></tr>
<tr><td><b>Test method</b></td>
<td width="30%"><b>Exception</b></td>
<td width="10%"><b>Time (seconds)</b></td>
<td><b>Instance</b></td>
</tr>
<tr>
<td title='com.tt.MB_Test.TC_Mobile_CompoundAccessCode.compound()'><b>compound</b><br>Test class: com.tt.MB_Test.TC_Mobile_CompoundAccessCode<br>Parameters: {Email=venkata.kopparapu@pegs.com, Special and offer code=CopperComplimentary, Address=JNTURoad, FirstName=Test, Enterzipcode=500085, Address2=NearMangeeraMall, EnterCurrency=INR, CallCenterUser=Test, roomtype=Luxury Room, Enterrooms=1 rooms, Cardname=test, Entercountry=India, EnterLanguage=Svenska, Entercity=Hyderabad, Numberoncard=4111111111111111, Adults=1 adults, LastName=Test, Children=1 children, Enterstate=Telangana, Enterphonenum=1234567890}</td>
<td><div><pre>org.openqa.selenium.WebDriverException: unknown error: Element &lt;input autocomplete=&quot;off&quot; id=&quot;cardCsc&quot; type=&quot;tel&quot; title=&quot;Code&quot; placeholder=&quot;Code&quot; class=&quot;form-control -lg ng-pristine ng-untouched ng-empty ng-invalid ng-invalid-required ng-valid-maxlength&quot; payment=&quot;formatCardCVC&quot; ng-model=&quot;credit_card.security_code&quot; ng-required=&quot;true&quot; init-from-form=&quot;true&quot; string-to-number=&quot;true&quot; maxlength=&quot;4&quot; size=&quot;4&quot; name=&quot;details_form[credit_card_attributes][security_code]&quot; required=&quot;required&quot;&gt; is not clickable at point (1117, 592). Other element would receive the click: &lt;div role=&quot;dialog&quot; aria-live=&quot;polite&quot; aria-label=&quot;cookieconsent&quot; aria-describedby=&quot;cookieconsent:desc&quot; class=&quot;cc-window cc-floating cc-type-info cc-theme-block cc-bottom cc-right cc-color-override-1332973529 &quot; style=&quot;&quot;&gt;...&lt;/div&gt;
  (Session info: chrome=86.0.4240.198)
  (Driver info: chromedriver=2.41.578737 (49da6702b16031c40d63e5618de03a32ff6c197e),platform=Windows NT 10.0.18362 x86_64) (WARNING: The server did not provide any stacktrace information)
Command duration or timeout: 0 milliseconds
Build info: version: &apos;3.141.59&apos;, revision: &apos;e82be7d358&apos;, time: &apos;2018-11-14T08:17:03&apos;
System info: host: &apos;DESKTOP-K1SDGBA&apos;, ip: &apos;192.168.43.190&apos;, os.name: &apos;Windows 10&apos;, os.arch: &apos;amd64&apos;, os.version: &apos;10.0&apos;, java.version: &apos;1.8.0_211&apos;
Driver info: org.openqa.selenium.chrome.ChromeDriver
Capabilities {acceptInsecureCerts: false, acceptSslCerts: false, applicationCacheEnabled: false, browserConnectionEnabled: false, browserName: chrome, chrome: {chromedriverVersion: 2.41.578737 (49da6702b16031..., userDataDir: C:\Users\TT095\AppData\Loca...}, cssSelectorsEnabled: true, databaseEnabled: false, goog:chromeOptions: {debuggerAddress: localhost:54878}, handlesAlerts: true, hasTouchScreen: false, javascriptEnabled: true, locationContextEnabled: true, mobileEmulationEnabled: false, nativeEvents: true, networkConnectionEnabled: false, pageLoadStrategy: normal, platform: XP, platformName: XP, rotatable: false, setWindowRect: true, takesHeapSnapshot: true, takesScreenshot: true, unexpectedAlertBehaviour: , unhandledPromptBehavior: , version: 86.0.4240.198, webStorageEnabled: true}
Session ID: f645d84664cd850f40ce82d852b86071
	at org.openqa.selenium.remote.ErrorHandler.createThrowable(ErrorHandler.java:214)
	at org.openqa.selenium.remote.ErrorHandler.throwIfResponseFailed(ErrorHandler.java:166)
	at org.openqa.selenium.remote.http.JsonHttpResponseCodec.reconstructValue(JsonHttpResponseCodec.java:40)
	at org.openqa.selenium.remote.http.AbstractHttpResponseCodec.decode(AbstractHttpResponseCodec.java:80)
	at org.openqa.selenium.remote.http.AbstractHttpResponseCodec.decode(AbstractHttpResponseCodec.java:44)
	at org.openqa.selenium.remote.HttpCommandExecutor.execute(HttpCommandExecutor.java:158)
	at org.openqa.selenium.remote.service.DriverCommandExecutor.execute(DriverCommandExecutor.java:83)
	at org.openqa.selenium.remote.RemoteWebDriver.execute(RemoteWebDriver.java:552)
	at org.openqa.selenium.remote.RemoteWebElement.execute(RemoteWebElement.java:285)
	at org.openqa.selenium.remote.RemoteWebElement.click(RemoteWebElement.java:84)
	at org.openqa.selenium.support.pagefactory.internal.LocatingElementHandler.invoke(LocatingElementHandler.java:51)
	at com.sun.proxy.$Proxy16.click(Unknown Source)
	at com.tt.MB.Mobile_CompoundAccessCode.Expiration(Mobile_CompoundAccessCode.java:583)
	at com.tt.MB_Test.TC_Mobile_CompoundAccessCode.compound(TC_Mobile_CompoundAccessCode.java:80)
... Removed 31 stack frames</pre></div><a href='#' onClick='toggleBox("stack-trace1266602046", this, "Click to show all stack frames", "Click to hide stack frames")'>Click to show all stack frames</a>
<div class='stack-trace' id='stack-trace1266602046'><pre>org.openqa.selenium.WebDriverException: unknown error: Element &lt;input autocomplete=&quot;off&quot; id=&quot;cardCsc&quot; type=&quot;tel&quot; title=&quot;Code&quot; placeholder=&quot;Code&quot; class=&quot;form-control -lg ng-pristine ng-untouched ng-empty ng-invalid ng-invalid-required ng-valid-maxlength&quot; payment=&quot;formatCardCVC&quot; ng-model=&quot;credit_card.security_code&quot; ng-required=&quot;true&quot; init-from-form=&quot;true&quot; string-to-number=&quot;true&quot; maxlength=&quot;4&quot; size=&quot;4&quot; name=&quot;details_form[credit_card_attributes][security_code]&quot; required=&quot;required&quot;&gt; is not clickable at point (1117, 592). Other element would receive the click: &lt;div role=&quot;dialog&quot; aria-live=&quot;polite&quot; aria-label=&quot;cookieconsent&quot; aria-describedby=&quot;cookieconsent:desc&quot; class=&quot;cc-window cc-floating cc-type-info cc-theme-block cc-bottom cc-right cc-color-override-1332973529 &quot; style=&quot;&quot;&gt;...&lt;/div&gt;
  (Session info: chrome=86.0.4240.198)
  (Driver info: chromedriver=2.41.578737 (49da6702b16031c40d63e5618de03a32ff6c197e),platform=Windows NT 10.0.18362 x86_64) (WARNING: The server did not provide any stacktrace information)
Command duration or timeout: 0 milliseconds
Build info: version: &apos;3.141.59&apos;, revision: &apos;e82be7d358&apos;, time: &apos;2018-11-14T08:17:03&apos;
System info: host: &apos;DESKTOP-K1SDGBA&apos;, ip: &apos;192.168.43.190&apos;, os.name: &apos;Windows 10&apos;, os.arch: &apos;amd64&apos;, os.version: &apos;10.0&apos;, java.version: &apos;1.8.0_211&apos;
Driver info: org.openqa.selenium.chrome.ChromeDriver
Capabilities {acceptInsecureCerts: false, acceptSslCerts: false, applicationCacheEnabled: false, browserConnectionEnabled: false, browserName: chrome, chrome: {chromedriverVersion: 2.41.578737 (49da6702b16031..., userDataDir: C:\Users\TT095\AppData\Loca...}, cssSelectorsEnabled: true, databaseEnabled: false, goog:chromeOptions: {debuggerAddress: localhost:54878}, handlesAlerts: true, hasTouchScreen: false, javascriptEnabled: true, locationContextEnabled: true, mobileEmulationEnabled: false, nativeEvents: true, networkConnectionEnabled: false, pageLoadStrategy: normal, platform: XP, platformName: XP, rotatable: false, setWindowRect: true, takesHeapSnapshot: true, takesScreenshot: true, unexpectedAlertBehaviour: , unhandledPromptBehavior: , version: 86.0.4240.198, webStorageEnabled: true}
Session ID: f645d84664cd850f40ce82d852b86071
	at sun.reflect.NativeConstructorAccessorImpl.newInstance0(Native Method)
	at sun.reflect.NativeConstructorAccessorImpl.newInstance(Unknown Source)
	at sun.reflect.DelegatingConstructorAccessorImpl.newInstance(Unknown Source)
	at java.lang.reflect.Constructor.newInstance(Unknown Source)
	at org.openqa.selenium.remote.ErrorHandler.createThrowable(ErrorHandler.java:214)
	at org.openqa.selenium.remote.ErrorHandler.throwIfResponseFailed(ErrorHandler.java:166)
	at org.openqa.selenium.remote.http.JsonHttpResponseCodec.reconstructValue(JsonHttpResponseCodec.java:40)
	at org.openqa.selenium.remote.http.AbstractHttpResponseCodec.decode(AbstractHttpResponseCodec.java:80)
	at org.openqa.selenium.remote.http.AbstractHttpResponseCodec.decode(AbstractHttpResponseCodec.java:44)
	at org.openqa.selenium.remote.HttpCommandExecutor.execute(HttpCommandExecutor.java:158)
	at org.openqa.selenium.remote.service.DriverCommandExecutor.execute(DriverCommandExecutor.java:83)
	at org.openqa.selenium.remote.RemoteWebDriver.execute(RemoteWebDriver.java:552)
	at org.openqa.selenium.remote.RemoteWebElement.execute(RemoteWebElement.java:285)
	at org.openqa.selenium.remote.RemoteWebElement.click(RemoteWebElement.java:84)
	at sun.reflect.GeneratedMethodAccessor4.invoke(Unknown Source)
	at sun.reflect.DelegatingMethodAccessorImpl.invoke(Unknown Source)
	at java.lang.reflect.Method.invoke(Unknown Source)
	at org.openqa.selenium.support.pagefactory.internal.LocatingElementHandler.invoke(LocatingElementHandler.java:51)
	at com.sun.proxy.$Proxy16.click(Unknown Source)
	at com.tt.MB.Mobile_CompoundAccessCode.Expiration(Mobile_CompoundAccessCode.java:583)
	at com.tt.MB_Test.TC_Mobile_CompoundAccessCode.compound(TC_Mobile_CompoundAccessCode.java:80)
	at sun.reflect.NativeMethodAccessorImpl.invoke0(Native Method)
	at sun.reflect.NativeMethodAccessorImpl.invoke(Unknown Source)
	at sun.reflect.DelegatingMethodAccessorImpl.invoke(Unknown Source)
	at java.lang.reflect.Method.invoke(Unknown Source)
	at org.testng.internal.MethodInvocationHelper.invokeMethod(MethodInvocationHelper.java:84)
	at org.testng.internal.Invoker.invokeMethod(Invoker.java:714)
	at org.testng.internal.Invoker.invokeTestMethod(Invoker.java:901)
	at org.testng.internal.Invoker.invokeTestMethods(Invoker.java:1231)
	at org.testng.internal.TestMethodWorker.invokeTestMethods(TestMethodWorker.java:127)
	at org.testng.internal.TestMethodWorker.run(TestMethodWorker.java:111)
	at org.testng.TestRunner.privateRun(TestRunner.java:767)
	at org.testng.TestRunner.run(TestRunner.java:617)
	at org.testng.SuiteRunner.runTest(SuiteRunner.java:334)
	at org.testng.SuiteRunner.runSequentially(SuiteRunner.java:329)
	at org.testng.SuiteRunner.privateRun(SuiteRunner.java:291)
	at org.testng.SuiteRunner.run(SuiteRunner.java:240)
	at org.testng.SuiteRunnerWorker.runSuite(SuiteRunnerWorker.java:52)
	at org.testng.SuiteRunnerWorker.run(SuiteRunnerWorker.java:86)
	at org.testng.TestNG.runSuitesSequentially(TestNG.java:1224)
	at org.testng.TestNG.runSuitesLocally(TestNG.java:1149)
	at org.testng.TestNG.run(TestNG.java:1057)
	at org.testng.remote.AbstractRemoteTestNG.run(AbstractRemoteTestNG.java:114)
	at org.testng.remote.RemoteTestNG.initAndRun(RemoteTestNG.java:251)
	at org.testng.remote.RemoteTestNG.main(RemoteTestNG.java:77)
</pre></div></td>
<td>47</td>
<td>com.tt.MB_Test.TC_Mobile_CompoundAccessCode@6e1ec318</td></tr>
</table><p>
<table width='100%' border='1' class='invocation-passed'>
<tr><td colspan='4' align='center'><b>PASSED TESTS</b></td></tr>
<tr><td><b>Test method</b></td>
<td width="30%"><b>Exception</b></td>
<td width="10%"><b>Time (seconds)</b></td>
<td><b>Instance</b></td>
</tr>
<tr>
<td title='com.tt.admin.TC_Brand_Selection.brandSelection()'><b>brandSelection</b><br>Test class: com.tt.admin.TC_Brand_Selection<br>Parameters: {ExistingPropetyName=TTQAPOMPRJECT, SelectBrand=Sachin Test Brand}</td>
<td></td>
<td>152</td>
<td>com.tt.admin.TC_Brand_Selection@4bec1f0c</td></tr>
<tr>
<td title='com.tt.admin.TC_CompoundAccessCodes.propertyRoom()'><b>propertyRoom</b><br>Test class: com.tt.admin.TC_CompoundAccessCodes<br>Test method: Verify Compound Access Codes Link under RatePlans And Add<br>Parameters: {Ratecode=LOS2NR, MinLos=10.0, Usrinput=B, Category=Fixed Rate Plan, AdditionalNotes=This is additional information for Customer, CompoundAccessCode=CompAccessCode, imagePath=Room5.jpg, MinLeadtime=10, EnterSelectedpolicyid=Default Property 24-Hour-Cancel Policy, Rateplan1=coppercomplimentry, Name=Stay2NightsAndGet25PerCentOFFBAR, ShortDescription=Stay More, Save More with our Stay 2 Nights and Get -25% OFF BAR New York City Escape Offer., Rateplan2=Stay2NightsAndGet25PerCentOFFBAR, MaxLeadtime=15, FBPRateplan=coppercomplimentry, LMSRateCode=LMS, AgentComment=This is additional information for Agent, MaxLos=20.0}</td>
<td></td>
<td>32</td>
<td>com.tt.admin.TC_CompoundAccessCodes@617faa95</td></tr>
<tr>
<td title='com.tt.admin.TC_Select_Property.selProperty()'><b>selProperty</b><br>Test class: com.tt.admin.TC_Select_Property<br>Parameters: {ExistingPropetyName=TTQAPOMPRJECT, SelectBrand=Sachin Test Brand}</td>
<td></td>
<td>7</td>
<td>com.tt.admin.TC_Select_Property@1e127982</td></tr>
<tr>
<td title='com.tt.admin.TC_CompoundAccessCodes.specialrateplan()'><b>specialrateplan</b><br>Test class: com.tt.admin.TC_CompoundAccessCodes<br>Parameters: {offer=coppercomplimentry, RoomType=Standard Suite, Category=Fixed Rate Plan, EnterValue=All, Rateplan=Stay2NightsAndGet25PerCentOFFBAR, RoomRate=340}</td>
<td></td>
<td>275</td>
<td>com.tt.admin.TC_CompoundAccessCodes@617faa95</td></tr>
<tr>
<td title='com.tt.admin.TC_Admin_Login.test()'><b>test</b><br>Test class: com.tt.admin.TC_Admin_Login<br>Parameters: {UserName=harshini, Password=travel@123}</td>
<td></td>
<td>8</td>
<td>com.tt.admin.TC_Admin_Login@7e0b0338</td></tr>
</table><p>
</body>
</html>