<?xml version="1.0" encoding="UTF-8"?>
<!-- Generated by org.testng.reporters.JUnitXMLReporter -->
<testsuite hostname="DESKTOP-K1SDGBA" name="test1" tests="6" failures="1" timestamp="16 Nov 2020 11:42:32 GMT" time="541.885" errors="0">
  <testcase name="test" time="8.929" classname="com.tt.admin.TC_Admin_Login"/>
  <testcase name="brandSelection" time="152.205" classname="com.tt.admin.TC_Brand_Selection"/>
  <testcase name="selProperty" time="7.333" classname="com.tt.admin.TC_Select_Property"/>
  <testcase name="propertyRoom" time="32.811" classname="com.tt.admin.TC_CompoundAccessCodes"/>
  <testcase name="specialrateplan" time="275.993" classname="com.tt.admin.TC_CompoundAccessCodes"/>
  <testcase name="compound" time="47.947" classname="com.tt.MB_Test.TC_Mobile_CompoundAccessCode">
    <failure type="org.openqa.selenium.WebDriverException" message="unknown error: Element &amp;lt;input autocomplete=&amp;quot;off&amp;quot; id=&amp;quot;cardCsc&amp;quot; type=&amp;quot;tel&amp;quot; title=&amp;quot;Code&amp;quot; placeholder=&amp;quot;Code&amp;quot; class=&amp;quot;form-control -lg ng-pristine ng-untouched ng-empty ng-invalid ng-invalid-required ng-valid-maxlength&amp;quot; payment=&amp;quot;formatCardCVC&amp;quot; ng-model=&amp;quot;credit_card.security_code&amp;quot; ng-required=&amp;quot;true&amp;quot; init-from-form=&amp;quot;true&amp;quot; string-to-number=&amp;quot;true&amp;quot; maxlength=&amp;quot;4&amp;quot; size=&amp;quot;4&amp;quot; name=&amp;quot;details_form[credit_card_attributes][security_code]&amp;quot; required=&amp;quot;required&amp;quot;&amp;gt; is not clickable at point (1117, 592). Other element would receive the click: &amp;lt;div role=&amp;quot;dialog&amp;quot; aria-live=&amp;quot;polite&amp;quot; aria-label=&amp;quot;cookieconsent&amp;quot; aria-describedby=&amp;quot;cookieconsent:desc&amp;quot; class=&amp;quot;cc-window cc-floating cc-type-info cc-theme-block cc-bottom cc-right cc-color-override-1332973529 &amp;quot; style=&amp;quot;&amp;quot;&amp;gt;...&amp;lt;/div&amp;gt;
  (Session info: chrome=86.0.4240.198)
  (Driver info: chromedriver=2.41.578737 (49da6702b16031c40d63e5618de03a32ff6c197e),platform=Windows NT 10.0.18362 x86_64) (WARNING: The server did not provide any stacktrace information)
Command duration or timeout: 0 milliseconds
Build info: version: &amp;apos;3.141.59&amp;apos;, revision: &amp;apos;e82be7d358&amp;apos;, time: &amp;apos;2018-11-14T08:17:03&amp;apos;
System info: host: &amp;apos;DESKTOP-K1SDGBA&amp;apos;, ip: &amp;apos;192.168.43.190&amp;apos;, os.name: &amp;apos;Windows 10&amp;apos;, os.arch: &amp;apos;amd64&amp;apos;, os.version: &amp;apos;10.0&amp;apos;, java.version: &amp;apos;1.8.0_211&amp;apos;
Driver info: org.openqa.selenium.chrome.ChromeDriver
Capabilities {acceptInsecureCerts: false, acceptSslCerts: false, applicationCacheEnabled: false, browserConnectionEnabled: false, browserName: chrome, chrome: {chromedriverVersion: 2.41.578737 (49da6702b16031..., userDataDir: C:\Users\TT095\AppData\Loca...}, cssSelectorsEnabled: true, databaseEnabled: false, goog:chromeOptions: {debuggerAddress: localhost:54878}, handlesAlerts: true, hasTouchScreen: false, javascriptEnabled: true, locationContextEnabled: true, mobileEmulationEnabled: false, nativeEvents: true, networkConnectionEnabled: false, pageLoadStrategy: normal, platform: XP, platformName: XP, rotatable: false, setWindowRect: true, takesHeapSnapshot: true, takesScreenshot: true, unexpectedAlertBehaviour: , unhandledPromptBehavior: , version: 86.0.4240.198, webStorageEnabled: true}
Session ID: f645d84664cd850f40ce82d852b86071">
      <![CDATA[org.openqa.selenium.WebDriverException: unknown error: Element <input autocomplete="off" id="cardCsc" type="tel" title="Code" placeholder="Code" class="form-control -lg ng-pristine ng-untouched ng-empty ng-invalid ng-invalid-required ng-valid-maxlength" payment="formatCardCVC" ng-model="credit_card.security_code" ng-required="true" init-from-form="true" string-to-number="true" maxlength="4" size="4" name="details_form[credit_card_attributes][security_code]" required="required"> is not clickable at point (1117, 592). Other element would receive the click: <div role="dialog" aria-live="polite" aria-label="cookieconsent" aria-describedby="cookieconsent:desc" class="cc-window cc-floating cc-type-info cc-theme-block cc-bottom cc-right cc-color-override-1332973529 " style="">...</div>
  (Session info: chrome=86.0.4240.198)
  (Driver info: chromedriver=2.41.578737 (49da6702b16031c40d63e5618de03a32ff6c197e),platform=Windows NT 10.0.18362 x86_64) (WARNING: The server did not provide any stacktrace information)
Command duration or timeout: 0 milliseconds
Build info: version: '3.141.59', revision: 'e82be7d358', time: '2018-11-14T08:17:03'
System info: host: 'DESKTOP-K1SDGBA', ip: '192.168.43.190', os.name: 'Windows 10', os.arch: 'amd64', os.version: '10.0', java.version: '1.8.0_211'
Driver info: org.openqa.selenium.chrome.ChromeDriver
Capabilities {acceptInsecureCerts: false, acceptSslCerts: false, applicationCacheEnabled: false, browserConnectionEnabled: false, browserName: chrome, chrome: {chromedriverVersion: 2.41.578737 (49da6702b16031..., userDataDir: C:\Users\TT095\AppData\Loca...}, cssSelectorsEnabled: true, databaseEnabled: false, goog:chromeOptions: {debuggerAddress: localhost:54878}, handlesAlerts: true, hasTouchScreen: false, javascriptEnabled: true, locationContextEnabled: true, mobileEmulationEnabled: false, nativeEvents: true, networkConnectionEnabled: false, pageLoadStrategy: normal, platform: XP, platformName: XP, rotatable: false, setWindowRect: true, takesHeapSnapshot: true, takesScreenshot: true, unexpectedAlertBehaviour: , unhandledPromptBehavior: , version: 86.0.4240.198, webStorageEnabled: true}
Session ID: f645d84664cd850f40ce82d852b86071
	at org.openqa.selenium.remote.ErrorHandler.createThrowable(ErrorHandler.java:214)
	at org.openqa.selenium.remote.ErrorHandler.throwIfResponseFailed(ErrorHandler.java:166)
	at org.openqa.selenium.remote.http.JsonHttpResponseCodec.reconstructValue(JsonHttpResponseCodec.java:40)
	at org.openqa.selenium.remote.http.AbstractHttpResponseCodec.decode(AbstractHttpResponseCodec.java:80)
	at org.openqa.selenium.remote.http.AbstractHttpResponseCodec.decode(AbstractHttpResponseCodec.java:44)
	at org.openqa.selenium.remote.HttpCommandExecutor.execute(HttpCommandExecutor.java:158)
	at org.openqa.selenium.remote.service.DriverCommandExecutor.execute(DriverCommandExecutor.java:83)
	at org.openqa.selenium.remote.RemoteWebDriver.execute(RemoteWebDriver.java:552)
	at org.openqa.selenium.remote.RemoteWebElement.execute(RemoteWebElement.java:285)
	at org.openqa.selenium.remote.RemoteWebElement.click(RemoteWebElement.java:84)
	at org.openqa.selenium.support.pagefactory.internal.LocatingElementHandler.invoke(LocatingElementHandler.java:51)
	at com.sun.proxy.$Proxy16.click(Unknown Source)
	at com.tt.MB.Mobile_CompoundAccessCode.Expiration(Mobile_CompoundAccessCode.java:583)
	at com.tt.MB_Test.TC_Mobile_CompoundAccessCode.compound(TC_Mobile_CompoundAccessCode.java:80)
... Removed 31 stack frames]]>
    </failure>
  </testcase> <!-- compound -->
</testsuite> <!-- test1 -->
