<html>
<head>
<title>TestNG:  Yankee New,Modify,Cancel Booking</title>
<link href="../testng.css" rel="stylesheet" type="text/css" />
<link href="../my-testng.css" rel="stylesheet" type="text/css" />

<style type="text/css">
.log { display: none;} 
.stack-trace { display: none;} 
</style>
<script type="text/javascript">
<!--
function flip(e) {
  current = e.style.display;
  if (current == 'block') {
    e.style.display = 'none';
    return 0;
  }
  else {
    e.style.display = 'block';
    return 1;
  }
}

function toggleBox(szDivId, elem, msg1, msg2)
{
  var res = -1;  if (document.getElementById) {
    res = flip(document.getElementById(szDivId));
  }
  else if (document.all) {
    // this is the way old msie versions work
    res = flip(document.all[szDivId]);
  }
  if(elem) {
    if(res == 0) elem.innerHTML = msg1; else elem.innerHTML = msg2;
  }

}

function toggleAllBoxes() {
  if (document.getElementsByTagName) {
    d = document.getElementsByTagName('div');
    for (i = 0; i < d.length; i++) {
      if (d[i].className == 'log') {
        flip(d[i]);
      }
    }
  }
}

// -->
</script>

</head>
<body>
<h2 align='center'>Yankee New,Modify,Cancel Booking</h2><table border='1' align="center">
<tr>
<td>Tests passed/Failed/Skipped:</td><td>1/2/0</td>
</tr><tr>
<td>Started on:</td><td>Mon Sep 30 20:12:16 IST 2019</td>
</tr>
<tr><td>Total time:</td><td>163 seconds (163065 ms)</td>
</tr><tr>
<td>Included groups:</td><td></td>
</tr><tr>
<td>Excluded groups:</td><td></td>
</tr>
</table><p/>
<small><i>(Hover the method name to see the test class name)</i></small><p/>
<table width='100%' border='1' class='invocation-failed'>
<tr><td colspan='4' align='center'><b>FAILED TESTS</b></td></tr>
<tr><td><b>Test method</b></td>
<td width="30%"><b>Exception</b></td>
<td width="10%"><b>Time (seconds)</b></td>
<td><b>Instance</b></td>
</tr>
<tr>
<td title='Reusable_BE.TC_YankeeFlow_New_Modify_CancelBooking.Flow()'><b>Flow</b><br>Test class: Reusable_BE.TC_YankeeFlow_New_Modify_CancelBooking<br>Test method: Yankee New,Modify,Cancel Booking<br>Parameters: {Email=test@test.com, Special and offer code=CopperComplimentary, Address= 499 Maple St. , FirstName=Test, Enterzipcode=27540, Address2= Holly Springs, EnterCurrency=USD, roomtype=Times Square View Two Queen Room , Enterrooms=1, Cardname=test, Entercountry=United States, Username=adminqa, FlowName=yankee, Entercity=Newyork, Numberoncard=4111111111111111, ExistingPropetyName=TTQAPOMPRJECT, LastName=Test, Enterstate=Texas, Enterphonenum=1234567890, Password=bookingissoeasy}</td>
<td><div><pre>java.lang.AssertionError: expected [true] but found [false]
	at Reusable_BE.TC_YankeeFlow_New_Modify_CancelBooking.Flow(TC_YankeeFlow_New_Modify_CancelBooking.java:264)
... Removed 29 stack frames</pre></div><a href='#' onClick='toggleBox("stack-trace1369206732", this, "Click to show all stack frames", "Click to hide stack frames")'>Click to show all stack frames</a>
<div class='stack-trace' id='stack-trace1369206732'><pre>java.lang.AssertionError: expected [true] but found [false]
	at org.testng.Assert.fail(Assert.java:94)
	at org.testng.Assert.failNotEquals(Assert.java:494)
	at org.testng.Assert.assertEquals(Assert.java:123)
	at org.testng.Assert.assertEquals(Assert.java:286)
	at org.testng.Assert.assertEquals(Assert.java:296)
	at Reusable_BE.TC_YankeeFlow_New_Modify_CancelBooking.Flow(TC_YankeeFlow_New_Modify_CancelBooking.java:264)
	at java.base/jdk.internal.reflect.NativeMethodAccessorImpl.invoke0(Native Method)
	at java.base/jdk.internal.reflect.NativeMethodAccessorImpl.invoke(Unknown Source)
	at java.base/jdk.internal.reflect.DelegatingMethodAccessorImpl.invoke(Unknown Source)
	at java.base/java.lang.reflect.Method.invoke(Unknown Source)
	at org.testng.internal.MethodInvocationHelper.invokeMethod(MethodInvocationHelper.java:84)
	at org.testng.internal.Invoker.invokeMethod(Invoker.java:714)
	at org.testng.internal.Invoker.invokeTestMethod(Invoker.java:901)
	at org.testng.internal.Invoker.invokeTestMethods(Invoker.java:1231)
	at org.testng.internal.TestMethodWorker.invokeTestMethods(TestMethodWorker.java:127)
	at org.testng.internal.TestMethodWorker.run(TestMethodWorker.java:111)
	at org.testng.TestRunner.privateRun(TestRunner.java:767)
	at org.testng.TestRunner.run(TestRunner.java:617)
	at org.testng.SuiteRunner.runTest(SuiteRunner.java:334)
	at org.testng.SuiteRunner.runSequentially(SuiteRunner.java:329)
	at org.testng.SuiteRunner.privateRun(SuiteRunner.java:291)
	at org.testng.SuiteRunner.run(SuiteRunner.java:240)
	at org.testng.SuiteRunnerWorker.runSuite(SuiteRunnerWorker.java:52)
	at org.testng.SuiteRunnerWorker.run(SuiteRunnerWorker.java:86)
	at org.testng.TestNG.runSuitesSequentially(TestNG.java:1224)
	at org.testng.TestNG.runSuitesLocally(TestNG.java:1149)
	at org.testng.TestNG.run(TestNG.java:1057)
	at org.testng.remote.AbstractRemoteTestNG.run(AbstractRemoteTestNG.java:114)
	at org.testng.remote.RemoteTestNG.initAndRun(RemoteTestNG.java:251)
	at org.testng.remote.RemoteTestNG.main(RemoteTestNG.java:77)
</pre></div></td>
<td>57</td>
<td>Reusable_BE.TC_YankeeFlow_New_Modify_CancelBooking@41e1e210</td></tr>
<tr>
<td title='Reusable_BE.TC_YankeeFlow_New_Modify_CancelBooking.rategrid()'><b>rategrid</b><br>Test class: Reusable_BE.TC_YankeeFlow_New_Modify_CancelBooking<br>Test method: Rooms Count Before Room Reservation<br>Parameters: {offer=CopperComplimentary, RoomType=Times Square View Two Queen Room, Category=Fixed Rate Plan, EnterValue=All, RoomRate=340}</td>
<td><div><pre>java.lang.AssertionError: expected [true] but found [false]
	at Reusable_BE.TC_YankeeFlow_New_Modify_CancelBooking.rategrid(TC_YankeeFlow_New_Modify_CancelBooking.java:107)
... Removed 29 stack frames</pre></div><a href='#' onClick='toggleBox("stack-trace636953520", this, "Click to show all stack frames", "Click to hide stack frames")'>Click to show all stack frames</a>
<div class='stack-trace' id='stack-trace636953520'><pre>java.lang.AssertionError: expected [true] but found [false]
	at org.testng.Assert.fail(Assert.java:94)
	at org.testng.Assert.failNotEquals(Assert.java:494)
	at org.testng.Assert.assertEquals(Assert.java:123)
	at org.testng.Assert.assertEquals(Assert.java:286)
	at org.testng.Assert.assertEquals(Assert.java:296)
	at Reusable_BE.TC_YankeeFlow_New_Modify_CancelBooking.rategrid(TC_YankeeFlow_New_Modify_CancelBooking.java:107)
	at java.base/jdk.internal.reflect.NativeMethodAccessorImpl.invoke0(Native Method)
	at java.base/jdk.internal.reflect.NativeMethodAccessorImpl.invoke(Unknown Source)
	at java.base/jdk.internal.reflect.DelegatingMethodAccessorImpl.invoke(Unknown Source)
	at java.base/java.lang.reflect.Method.invoke(Unknown Source)
	at org.testng.internal.MethodInvocationHelper.invokeMethod(MethodInvocationHelper.java:84)
	at org.testng.internal.Invoker.invokeMethod(Invoker.java:714)
	at org.testng.internal.Invoker.invokeTestMethod(Invoker.java:901)
	at org.testng.internal.Invoker.invokeTestMethods(Invoker.java:1231)
	at org.testng.internal.TestMethodWorker.invokeTestMethods(TestMethodWorker.java:127)
	at org.testng.internal.TestMethodWorker.run(TestMethodWorker.java:111)
	at org.testng.TestRunner.privateRun(TestRunner.java:767)
	at org.testng.TestRunner.run(TestRunner.java:617)
	at org.testng.SuiteRunner.runTest(SuiteRunner.java:334)
	at org.testng.SuiteRunner.runSequentially(SuiteRunner.java:329)
	at org.testng.SuiteRunner.privateRun(SuiteRunner.java:291)
	at org.testng.SuiteRunner.run(SuiteRunner.java:240)
	at org.testng.SuiteRunnerWorker.runSuite(SuiteRunnerWorker.java:52)
	at org.testng.SuiteRunnerWorker.run(SuiteRunnerWorker.java:86)
	at org.testng.TestNG.runSuitesSequentially(TestNG.java:1224)
	at org.testng.TestNG.runSuitesLocally(TestNG.java:1149)
	at org.testng.TestNG.run(TestNG.java:1057)
	at org.testng.remote.AbstractRemoteTestNG.run(AbstractRemoteTestNG.java:114)
	at org.testng.remote.RemoteTestNG.initAndRun(RemoteTestNG.java:251)
	at org.testng.remote.RemoteTestNG.main(RemoteTestNG.java:77)
</pre></div></td>
<td>78</td>
<td>Reusable_BE.TC_YankeeFlow_New_Modify_CancelBooking@41e1e210</td></tr>
</table><p>
<table width='100%' border='1' class='invocation-passed'>
<tr><td colspan='4' align='center'><b>PASSED TESTS</b></td></tr>
<tr><td><b>Test method</b></td>
<td width="30%"><b>Exception</b></td>
<td width="10%"><b>Time (seconds)</b></td>
<td><b>Instance</b></td>
</tr>
<tr>
<td title='com.tt.BE.TC_IBE_Config_Yankee.Flow()'><b>Flow</b><br>Test class: com.tt.BE.TC_IBE_Config_Yankee<br>Parameters: {Email=test@test.com, Special and offer code=CopperComplimentary, Address= 499 Maple St. , FirstName=Test, Enterzipcode=27540, Address2= Holly Springs, EnterCurrency=USD, roomtype=Times Square View Two Queen Room , Enterrooms=1, Cardname=test, Entercountry=United States, Username=adminqa, FlowName=yankee, Entercity=Newyork, Numberoncard=4111111111111111, ExistingPropetyName=TTQAPOMPRJECT, LastName=Test, Enterstate=Texas, Enterphonenum=1234567890, Password=bookingissoeasy}</td>
<td></td>
<td>23</td>
<td>com.tt.BE.TC_IBE_Config_Yankee@3738449f</td></tr>
</table><p>
</body>
</html>