<?xml version="1.0" encoding="UTF-8"?>
<!-- Generated by org.testng.reporters.JUnitXMLReporter -->
<testsuite hostname="DESKTOP-K1SDGBA" name="YankeeModify" tests="9" failures="1" timestamp="25 Aug 2020 11:06:26 GMT" time="13.143" errors="0">
  <testcase name="@AfterMethod getResult" time="0.0" classname="com.tt.BE.TC_IBE_Config_Yankee">
    <failure type="org.openqa.selenium.NoSuchSessionException" message="Tried to run command without establishing a connection
Build info: version: &amp;apos;3.141.59&amp;apos;, revision: &amp;apos;e82be7d358&amp;apos;, time: &amp;apos;2018-11-14T08:17:03&amp;apos;
System info: host: &amp;apos;DESKTOP-K1SDGBA&amp;apos;, ip: &amp;apos;192.168.100.9&amp;apos;, os.name: &amp;apos;Windows 10&amp;apos;, os.arch: &amp;apos;amd64&amp;apos;, os.version: &amp;apos;10.0&amp;apos;, java.version: &amp;apos;1.8.0_211&amp;apos;
Driver info: org.openqa.selenium.firefox.FirefoxDriver
Capabilities {acceptInsecureCerts: true, browserName: firefox, browserVersion: 79.0, javascriptEnabled: true, moz:accessibilityChecks: false, moz:buildID: 20200720193547, moz:geckodriverVersion: 0.23.0, moz:headless: false, moz:processID: 19708, moz:profile: C:\Users\TT095\AppData\Loca..., moz:shutdownTimeout: 60000, moz:useNonSpecCompliantPointerOrigin: false, moz:webdriverClick: true, pageLoadStrategy: normal, platform: WINDOWS, platformName: WINDOWS, platformVersion: 10.0, rotatable: false, setWindowRect: true, strictFileInteractability: false, timeouts: {implicit: 0, pageLoad: 300000, script: 30000}, unhandledPromptBehavior: dismiss and notify}
Session ID: 25240bd9-3bd8-4dea-a101-93ac5e9e2247">
      <![CDATA[org.openqa.selenium.NoSuchSessionException: Tried to run command without establishing a connection
Build info: version: '3.141.59', revision: 'e82be7d358', time: '2018-11-14T08:17:03'
System info: host: 'DESKTOP-K1SDGBA', ip: '192.168.100.9', os.name: 'Windows 10', os.arch: 'amd64', os.version: '10.0', java.version: '1.8.0_211'
Driver info: org.openqa.selenium.firefox.FirefoxDriver
Capabilities {acceptInsecureCerts: true, browserName: firefox, browserVersion: 79.0, javascriptEnabled: true, moz:accessibilityChecks: false, moz:buildID: 20200720193547, moz:geckodriverVersion: 0.23.0, moz:headless: false, moz:processID: 19708, moz:profile: C:\Users\TT095\AppData\Loca..., moz:shutdownTimeout: 60000, moz:useNonSpecCompliantPointerOrigin: false, moz:webdriverClick: true, pageLoadStrategy: normal, platform: WINDOWS, platformName: WINDOWS, platformVersion: 10.0, rotatable: false, setWindowRect: true, strictFileInteractability: false, timeouts: {implicit: 0, pageLoad: 300000, script: 30000}, unhandledPromptBehavior: dismiss and notify}
Session ID: 25240bd9-3bd8-4dea-a101-93ac5e9e2247
	at org.openqa.selenium.remote.http.W3CHttpResponseCodec.createException(W3CHttpResponseCodec.java:187)
	at org.openqa.selenium.remote.http.W3CHttpResponseCodec.decode(W3CHttpResponseCodec.java:122)
	at org.openqa.selenium.remote.http.W3CHttpResponseCodec.decode(W3CHttpResponseCodec.java:49)
	at org.openqa.selenium.remote.HttpCommandExecutor.execute(HttpCommandExecutor.java:158)
	at org.openqa.selenium.remote.service.DriverCommandExecutor.execute(DriverCommandExecutor.java:83)
	at org.openqa.selenium.remote.RemoteWebDriver.execute(RemoteWebDriver.java:552)
	at org.openqa.selenium.remote.RemoteWebDriver.execute(RemoteWebDriver.java:609)
	at org.openqa.selenium.remote.RemoteWebDriver.getScreenshotAs(RemoteWebDriver.java:295)
	at com.tt.utility.BaseTest.captureScreenShot(BaseTest.java:232)
	at com.tt.utility.BaseTest.getResult(BaseTest.java:172)
... Removed 30 stack frames]]>
    </failure>
  </testcase> <!-- @AfterMethod getResult -->
  <testcase name="@AfterMethod getResult" time="0.0" classname="com.tt.admin.TC_Admin_Login">
    <skipped/>
  </testcase> <!-- @AfterMethod getResult -->
  <testcase name="@AfterMethod getResult" time="0.0" classname="com.tt.admin.TC_Brand_Selection">
    <skipped/>
  </testcase> <!-- @AfterMethod getResult -->
  <testcase name="@AfterMethod getResult" time="0.0" classname="com.tt.admin.TC_Select_Property">
    <skipped/>
  </testcase> <!-- @AfterMethod getResult -->
  <testcase name="@AfterMethod getResult" time="0.0" classname="com.tt.BE.TC_YankeeModify">
    <skipped/>
  </testcase> <!-- @AfterMethod getResult -->
  <testcase name="@AfterMethod getResult" time="0.0" classname="com.tt.BE.TC_YankeeModify">
    <skipped/>
  </testcase> <!-- @AfterMethod getResult -->
  <testcase name="@AfterMethod getResult" time="0.0" classname="com.tt.BE.TC_YankeeModify">
    <skipped/>
  </testcase> <!-- @AfterMethod getResult -->
  <testcase name="@AfterMethod getResult" time="0.0" classname="com.tt.BE.TC_YankeeModify">
    <skipped/>
  </testcase> <!-- @AfterMethod getResult -->
  <testcase name="@AfterMethod getResult" time="0.0" classname="com.tt.BE.TC_YankeeModify">
    <skipped/>
  </testcase> <!-- @AfterMethod getResult -->
  <testcase name="@AfterTest driverclose" time="0.0" classname="com.tt.admin.TC_Admin_Login">
    <skipped/>
  </testcase> <!-- @AfterTest driverclose -->
  <testcase name="Flow" time="7.083" classname="com.tt.BE.TC_IBE_Config_Yankee">
    <failure type="junit.framework.AssertionFailedError" message="expected:&amp;lt;false&amp;gt; but was:&amp;lt;true&amp;gt;">
      <![CDATA[junit.framework.AssertionFailedError: expected:<false> but was:<true>
	at junit.framework.Assert.fail(Assert.java:50)
	at junit.framework.Assert.failNotEquals(Assert.java:287)
	at junit.framework.Assert.assertEquals(Assert.java:67)
	at junit.framework.Assert.assertEquals(Assert.java:147)
	at junit.framework.Assert.assertEquals(Assert.java:153)
	at com.tt.BE.TC_IBE_Config_Yankee.Flow(TC_IBE_Config_Yankee.java:59)
... Removed 24 stack frames]]>
    </failure>
  </testcase> <!-- Flow -->
  <testcase name="test" time="0.002" classname="com.tt.admin.TC_Admin_Login">
    <skipped/>
  </testcase> <!-- test -->
  <testcase name="brandSelection" time="0.001" classname="com.tt.admin.TC_Brand_Selection">
    <skipped/>
  </testcase> <!-- brandSelection -->
  <testcase name="selProperty" time="0.0" classname="com.tt.admin.TC_Select_Property">
    <skipped/>
  </testcase> <!-- selProperty -->
  <testcase name="rategrid" time="0.001" classname="com.tt.BE.TC_YankeeModify">
    <skipped/>
  </testcase> <!-- rategrid -->
  <testcase name="Flow" time="0.0" classname="com.tt.BE.TC_YankeeModify">
    <skipped/>
  </testcase> <!-- Flow -->
  <testcase name="CountComparision" time="0.001" classname="com.tt.BE.TC_YankeeModify">
    <skipped/>
  </testcase> <!-- CountComparision -->
  <testcase name="ChangeReservation_Ratecheck" time="0.001" classname="com.tt.BE.TC_YankeeModify">
    <skipped/>
  </testcase> <!-- ChangeReservation_Ratecheck -->
  <testcase name="Bookingroom_ChangeReservation" time="0.002" classname="com.tt.BE.TC_YankeeModify">
    <skipped/>
  </testcase> <!-- Bookingroom_ChangeReservation -->
</testsuite> <!-- YankeeModify -->
